c:\users\hope\documents\college\interactive media and game development\technical game dev i\dragonfly-engine\debug\vc140.pdb
c:\users\hope\documents\college\interactive media and game development\technical game dev i\dragonfly-engine\debug\vc140.idb
c:\users\hope\documents\college\interactive media and game development\technical game dev i\dragonfly-engine\debug\clock.obj
c:\users\hope\documents\college\interactive media and game development\technical game dev i\dragonfly-engine\debug\event.obj
c:\users\hope\documents\college\interactive media and game development\technical game dev i\dragonfly-engine\debug\eventstep.obj
c:\users\hope\documents\college\interactive media and game development\technical game dev i\dragonfly-engine\debug\game.obj
c:\users\hope\documents\college\interactive media and game development\technical game dev i\dragonfly-engine\debug\gamemanager.obj
c:\users\hope\documents\college\interactive media and game development\technical game dev i\dragonfly-engine\debug\logmanager.obj
c:\users\hope\documents\college\interactive media and game development\technical game dev i\dragonfly-engine\debug\manager.obj
c:\users\hope\documents\college\interactive media and game development\technical game dev i\dragonfly-engine\debug\object.obj
c:\users\hope\documents\college\interactive media and game development\technical game dev i\dragonfly-engine\debug\objectlist.obj
c:\users\hope\documents\college\interactive media and game development\technical game dev i\dragonfly-engine\debug\objectlistiterator.obj
c:\users\hope\documents\college\interactive media and game development\technical game dev i\dragonfly-engine\debug\saucer.obj
c:\users\hope\documents\college\interactive media and game development\technical game dev i\dragonfly-engine\debug\vector.obj
c:\users\hope\documents\college\interactive media and game development\technical game dev i\dragonfly-engine\debug\worldmanager.obj
c:\users\hope\documents\college\interactive media and game development\technical game dev i\dragonfly-engine\debug\dragonfly-engine.lib
c:\users\hope\documents\college\interactive media and game development\technical game dev i\dragonfly-engine\debug\dragonfly-engine.exp
c:\users\hope\documents\college\interactive media and game development\technical game dev i\dragonfly-engine\debug\dragonfly-engine.ilk
c:\users\hope\documents\college\interactive media and game development\technical game dev i\dragonfly-engine\debug\dragonfly-engine.exe
c:\users\hope\documents\college\interactive media and game development\technical game dev i\dragonfly-engine\debug\dragonfly-engine.pdb
c:\users\hope\documents\college\interactive media and game development\technical game dev i\dragonfly-engine\debug\dragonfly-engine.tlog\cl.command.1.tlog
c:\users\hope\documents\college\interactive media and game development\technical game dev i\dragonfly-engine\debug\dragonfly-engine.tlog\cl.read.1.tlog
c:\users\hope\documents\college\interactive media and game development\technical game dev i\dragonfly-engine\debug\dragonfly-engine.tlog\cl.write.1.tlog
c:\users\hope\documents\college\interactive media and game development\technical game dev i\dragonfly-engine\debug\dragonfly-engine.tlog\dragonfly-engine.write.1u.tlog
c:\users\hope\documents\college\interactive media and game development\technical game dev i\dragonfly-engine\debug\dragonfly-engine.tlog\link.command.1.tlog
c:\users\hope\documents\college\interactive media and game development\technical game dev i\dragonfly-engine\debug\dragonfly-engine.tlog\link.read.1.tlog
c:\users\hope\documents\college\interactive media and game development\technical game dev i\dragonfly-engine\debug\dragonfly-engine.tlog\link.write.1.tlog
